{"for":"test","level":"info","message":"testing logger ","service":"staff-scheduling","timestamp":"2022-07-25T17:01:36.448Z"}
{"level":"info","message":"test","service":"staff-scheduling","timestamp":"2022-07-25T18:05:38.661Z"}
{"level":"error","message":"user registration failed","service":"staff-scheduling","stack":"Error: user registration failed\n    at exports.signup (/Users/shilpachittara/OneDrive/Desktop/Solidity learning/Invygo Project/src/controllers/auth.controller.js:27:18)\n    at processTicksAndRejections (node:internal/process/task_queues:96:5)","timestamp":"2022-07-26T07:03:02.706Z"}
{"level":"error","message":"Email id already exists","service":"staff-scheduling","stack":"Error: Email id already exists\n    at checkDuplicateEmail (/Users/shilpachittara/OneDrive/Desktop/Solidity learning/Invygo Project/src/middleware/verifySignUp.js:15:20)\n    at processTicksAndRejections (node:internal/process/task_queues:96:5)","timestamp":"2022-07-26T07:04:39.030Z"}
{"level":"debug","message":"User registered successfully","service":"staff-scheduling","timestamp":"2022-07-26T07:05:28.641Z"}
{"level":"debug","message":"Login Succesful","service":"staff-scheduling","timestamp":"2022-07-26T07:06:06.475Z"}
{"level":"error","message":"Email id already exists","service":"staff-scheduling","stack":"Error: Email id already exists\n    at checkDuplicateEmail (/Users/shilpachittara/OneDrive/Desktop/Solidity learning/Invygo Project/src/middleware/verifySignUp.js:15:20)\n    at processTicksAndRejections (node:internal/process/task_queues:96:5)","timestamp":"2022-07-26T07:06:59.683Z"}
{"level":"debug","message":"User registered successfully","service":"staff-scheduling","timestamp":"2022-07-26T07:07:04.490Z"}
{"level":"debug","message":"Login Succesful","service":"staff-scheduling","timestamp":"2022-07-26T07:07:10.792Z"}
{"level":"debug","message":"Login Succesful","service":"staff-scheduling","timestamp":"2022-07-26T07:07:42.187Z"}
{"level":"debug","message":"User registered successfully","service":"staff-scheduling","timestamp":"2022-07-26T07:07:48.602Z"}
{"level":"debug","message":"Login Succesful","service":"staff-scheduling","timestamp":"2022-07-26T07:07:54.095Z"}
{"level":"debug","message":"Login Succesful","service":"staff-scheduling","timestamp":"2022-07-26T07:08:45.488Z"}
{"level":"debug","message":"User registered successfully","service":"staff-scheduling","timestamp":"2022-07-26T07:08:53.756Z"}
{"level":"debug","message":"Login Succesful","service":"staff-scheduling","timestamp":"2022-07-26T07:08:59.612Z"}
{"level":"error","message":"User not found","service":"staff-scheduling","stack":"Error: User not found\n    at exports.signin (/Users/shilpachittara/OneDrive/Desktop/Solidity learning/Invygo Project/src/controllers/auth.controller.js:41:20)\n    at processTicksAndRejections (node:internal/process/task_queues:96:5)","timestamp":"2022-07-26T07:09:11.341Z"}
{"level":"debug","message":"User registered successfully","service":"staff-scheduling","timestamp":"2022-07-26T07:09:29.551Z"}
{"level":"debug","message":"Login Succesful","service":"staff-scheduling","timestamp":"2022-07-26T07:09:33.118Z"}
{"level":"error","message":"User not found","service":"staff-scheduling","stack":"Error: User not found\n    at exports.signin (/Users/shilpachittara/OneDrive/Desktop/Solidity learning/Invygo Project/src/controllers/auth.controller.js:41:20)\n    at processTicksAndRejections (node:internal/process/task_queues:96:5)","timestamp":"2022-07-26T07:09:49.169Z"}
{"level":"debug","message":"User registered successfully","service":"staff-scheduling","timestamp":"2022-07-26T07:09:58.318Z"}
{"level":"debug","message":"Login Succesful","service":"staff-scheduling","timestamp":"2022-07-26T07:10:02.498Z"}
{"level":"debug","message":"Login Succesful","service":"staff-scheduling","timestamp":"2022-07-26T07:11:08.945Z"}
{"level":"info","message":"User is staff","service":"staff-scheduling","timestamp":"2022-07-26T07:12:17.290Z"}
{"level":"info","message":"User is staff","service":"staff-scheduling","timestamp":"2022-07-26T07:34:45.941Z"}
{"level":"error","message":"User role not admin","service":"staff-scheduling","timestamp":"2022-07-26T07:35:01.164Z"}
{"level":"error","message":"Unable to validate User role!","service":"staff-scheduling","timestamp":"2022-07-26T08:49:39.751Z"}
{"level":"error","message":"Unable to validate User role!","service":"staff-scheduling","timestamp":"2022-07-26T08:49:48.174Z"}
{"level":"info","message":"User is admin","service":"staff-scheduling","timestamp":"2022-07-26T08:50:52.752Z"}
{"level":"error","message":"Schedule add fails","service":"staff-scheduling","stack":"Error: Schedule add fails\n    at exports.addSchedule (/Users/shilpachittara/OneDrive/Desktop/Solidity learning/Invygo Project/src/controllers/user.controller.js:140:18)\n    at Layer.handle [as handle_request] (/Users/shilpachittara/OneDrive/Desktop/Solidity learning/Invygo Project/node_modules/express/lib/router/layer.js:95:5)\n    at next (/Users/shilpachittara/OneDrive/Desktop/Solidity learning/Invygo Project/node_modules/express/lib/router/route.js:144:13)\n    at isAdmin (/Users/shilpachittara/OneDrive/Desktop/Solidity learning/Invygo Project/src/middleware/authJwt.js:34:14)\n    at processTicksAndRejections (node:internal/process/task_queues:96:5)","timestamp":"2022-07-26T08:50:52.754Z"}
{"level":"info","message":"User is admin","service":"staff-scheduling","timestamp":"2022-07-26T08:52:19.082Z"}
{"level":"error","message":"Schedule add fails","service":"staff-scheduling","stack":"Error: Schedule add fails\n    at exports.addSchedule (/Users/shilpachittara/OneDrive/Desktop/Solidity learning/Invygo Project/src/controllers/user.controller.js:142:18)\n    at Layer.handle [as handle_request] (/Users/shilpachittara/OneDrive/Desktop/Solidity learning/Invygo Project/node_modules/express/lib/router/layer.js:95:5)\n    at next (/Users/shilpachittara/OneDrive/Desktop/Solidity learning/Invygo Project/node_modules/express/lib/router/route.js:144:13)\n    at isAdmin (/Users/shilpachittara/OneDrive/Desktop/Solidity learning/Invygo Project/src/middleware/authJwt.js:34:14)\n    at processTicksAndRejections (node:internal/process/task_queues:96:5)","timestamp":"2022-07-26T08:52:19.083Z"}
{"level":"info","message":"User is admin","service":"staff-scheduling","timestamp":"2022-07-26T08:52:43.712Z"}
{"level":"info","message":"Schedule add Succesfully","service":"staff-scheduling","timestamp":"2022-07-26T08:52:43.713Z"}
{"level":"error","message":"Unable to validate User role!","service":"staff-scheduling","timestamp":"2022-07-26T08:53:54.155Z"}
{"level":"info","message":"User is staff","service":"staff-scheduling","timestamp":"2022-07-26T08:55:18.882Z"}
{"level":"info","message":"User is staff","service":"staff-scheduling","timestamp":"2022-07-26T08:55:24.961Z"}
{"level":"info","message":"User is staff","service":"staff-scheduling","timestamp":"2022-07-26T08:56:57.459Z"}
{"level":"error","message":"Get schedule for all staff error occured","service":"staff-scheduling","stack":"Error: Get schedule for all staff error occured\n    at exports.getScheduleAllStaff (/Users/shilpachittara/OneDrive/Desktop/Solidity learning/Invygo Project/src/controllers/user.controller.js:56:18)\n    at Layer.handle [as handle_request] (/Users/shilpachittara/OneDrive/Desktop/Solidity learning/Invygo Project/node_modules/express/lib/router/layer.js:95:5)\n    at next (/Users/shilpachittara/OneDrive/Desktop/Solidity learning/Invygo Project/node_modules/express/lib/router/route.js:144:13)\n    at isStaff (/Users/shilpachittara/OneDrive/Desktop/Solidity learning/Invygo Project/src/middleware/authJwt.js:54:14)\n    at processTicksAndRejections (node:internal/process/task_queues:96:5)","timestamp":"2022-07-26T08:56:57.459Z"}
{"level":"info","message":"User is staff","service":"staff-scheduling","timestamp":"2022-07-26T08:58:23.045Z"}
{"level":"error","message":"Get schedule for all staff error occured","service":"staff-scheduling","stack":"Error: Get schedule for all staff error occured\n    at /Users/shilpachittara/OneDrive/Desktop/Solidity learning/Invygo Project/src/controllers/user.controller.js:54:22\n    at processTicksAndRejections (node:internal/process/task_queues:96:5)","timestamp":"2022-07-26T08:58:23.048Z"}
{"level":"info","message":"User is staff","service":"staff-scheduling","timestamp":"2022-07-26T08:58:48.821Z"}
{"level":"info","message":"User is admin","service":"staff-scheduling","timestamp":"2022-07-26T09:04:00.978Z"}
{"level":"info","message":"Schedule add Succesfully","service":"staff-scheduling","timestamp":"2022-07-26T09:04:00.979Z"}
{"level":"info","message":"User is staff","service":"staff-scheduling","timestamp":"2022-07-26T09:04:06.880Z"}
{"level":"info","message":"User is staff","service":"staff-scheduling","timestamp":"2022-07-26T09:15:41.374Z"}
{"level":"info","message":"User is admin","service":"staff-scheduling","timestamp":"2022-07-26T09:16:05.225Z"}
{"level":"error","message":"Get all uset error occured","service":"staff-scheduling","stack":"Error: Get all uset error occured\n    at exports.getScheduleAllStaffByTotalTime (/Users/shilpachittara/OneDrive/Desktop/Solidity learning/Invygo Project/src/controllers/user.controller.js:89:18)\n    at Layer.handle [as handle_request] (/Users/shilpachittara/OneDrive/Desktop/Solidity learning/Invygo Project/node_modules/express/lib/router/layer.js:95:5)\n    at next (/Users/shilpachittara/OneDrive/Desktop/Solidity learning/Invygo Project/node_modules/express/lib/router/route.js:144:13)\n    at isAdmin (/Users/shilpachittara/OneDrive/Desktop/Solidity learning/Invygo Project/src/middleware/authJwt.js:34:14)\n    at processTicksAndRejections (node:internal/process/task_queues:96:5)","timestamp":"2022-07-26T09:16:05.226Z"}
{"level":"info","message":"User is admin","service":"staff-scheduling","timestamp":"2022-07-26T09:16:49.364Z"}
{"level":"info","message":"User is admin","service":"staff-scheduling","timestamp":"2022-07-26T09:18:00.005Z"}
{"level":"info","message":"User is admin","service":"staff-scheduling","timestamp":"2022-07-26T09:18:42.793Z"}
{"level":"info","message":"User is admin","service":"staff-scheduling","timestamp":"2022-07-26T09:19:06.723Z"}
{"level":"info","message":"User is admin","service":"staff-scheduling","timestamp":"2022-07-26T09:19:15.704Z"}
{"level":"info","message":"User is admin","service":"staff-scheduling","timestamp":"2022-07-26T09:22:11.093Z"}
{"level":"info","message":"User is admin","service":"staff-scheduling","timestamp":"2022-07-26T09:22:27.262Z"}
{"level":"info","message":"User is admin","service":"staff-scheduling","timestamp":"2022-07-26T09:23:00.400Z"}
{"level":"info","message":"User is admin","service":"staff-scheduling","timestamp":"2022-07-26T09:23:15.806Z"}
